Classic Timing Analyzer report for projectdigital
Mon Jan 06 11:57:01 2025
Quartus II Version 9.0 Build 132 02/25/2009 SJ Web Edition


---------------------
; Table of Contents ;
---------------------
  1. Legal Notice
  2. Timing Analyzer Summary
  3. Timing Analyzer Settings
  4. Parallel Compilation
  5. tpd
  6. Timing Analyzer Messages



----------------
; Legal Notice ;
----------------
Copyright (C) 1991-2009 Altera Corporation
Your use of Altera Corporation's design tools, logic functions 
and other software and tools, and its AMPP partner logic 
functions, and any output files from any of the foregoing 
(including device programming or simulation files), and any 
associated documentation or information are expressly subject 
to the terms and conditions of the Altera Program License 
Subscription Agreement, Altera MegaCore Function License 
Agreement, or other applicable license agreement, including, 
without limitation, that your use is for the sole purpose of 
programming logic devices manufactured by Altera and sold by 
Altera or its authorized distributors.  Please refer to the 
applicable agreement for further details.



+------------------------------------------------------------------------------------------------------------------------------+
; Timing Analyzer Summary                                                                                                      ;
+------------------------------+-------+---------------+-------------+------+-----------+------------+----------+--------------+
; Type                         ; Slack ; Required Time ; Actual Time ; From ; To        ; From Clock ; To Clock ; Failed Paths ;
+------------------------------+-------+---------------+-------------+------+-----------+------------+----------+--------------+
; Worst-case tpd               ; N/A   ; None          ; 10.704 ns   ; b[1] ; result[3] ; --         ; --       ; 0            ;
; Total number of failed paths ;       ;               ;             ;      ;           ;            ;          ; 0            ;
+------------------------------+-------+---------------+-------------+------+-----------+------------+----------+--------------+


+--------------------------------------------------------------------------------------------------------------------+
; Timing Analyzer Settings                                                                                           ;
+---------------------------------------------------------------------+--------------------+------+----+-------------+
; Option                                                              ; Setting            ; From ; To ; Entity Name ;
+---------------------------------------------------------------------+--------------------+------+----+-------------+
; Device Name                                                         ; EP2S15F484C3       ;      ;    ;             ;
; Timing Models                                                       ; Final              ;      ;    ;             ;
; Default hold multicycle                                             ; Same as Multicycle ;      ;    ;             ;
; Cut paths between unrelated clock domains                           ; On                 ;      ;    ;             ;
; Cut off read during write signal paths                              ; On                 ;      ;    ;             ;
; Cut off feedback from I/O pins                                      ; On                 ;      ;    ;             ;
; Report Combined Fast/Slow Timing                                    ; Off                ;      ;    ;             ;
; Ignore Clock Settings                                               ; Off                ;      ;    ;             ;
; Analyze latches as synchronous elements                             ; On                 ;      ;    ;             ;
; Enable Recovery/Removal analysis                                    ; Off                ;      ;    ;             ;
; Enable Clock Latency                                                ; Off                ;      ;    ;             ;
; Use TimeQuest Timing Analyzer                                       ; Off                ;      ;    ;             ;
; Number of source nodes to report per destination node               ; 10                 ;      ;    ;             ;
; Number of destination nodes to report                               ; 10                 ;      ;    ;             ;
; Number of paths to report                                           ; 200                ;      ;    ;             ;
; Report Minimum Timing Checks                                        ; Off                ;      ;    ;             ;
; Use Fast Timing Models                                              ; Off                ;      ;    ;             ;
; Report IO Paths Separately                                          ; Off                ;      ;    ;             ;
; Perform Multicorner Analysis                                        ; On                 ;      ;    ;             ;
; Reports the worst-case path for each clock domain and analysis      ; Off                ;      ;    ;             ;
; Removes common clock path pessimism (CCPP) during slack computation ; Off                ;      ;    ;             ;
; Output I/O Timing Endpoint                                          ; Near End           ;      ;    ;             ;
+---------------------------------------------------------------------+--------------------+------+----+-------------+


Parallel compilation was disabled, but you have multiple processors available. Enable parallel compilation to reduce compilation time.
+-------------------------------------+
; Parallel Compilation                ;
+----------------------------+--------+
; Processors                 ; Number ;
+----------------------------+--------+
; Number detected on machine ; 2      ;
; Maximum allowed            ; 1      ;
+----------------------------+--------+


+----------------------------------------------------------------+
; tpd                                                            ;
+-------+-------------------+-----------------+------+-----------+
; Slack ; Required P2P Time ; Actual P2P Time ; From ; To        ;
+-------+-------------------+-----------------+------+-----------+
; N/A   ; None              ; 10.704 ns       ; b[1] ; result[3] ;
; N/A   ; None              ; 10.325 ns       ; b[1] ; result[1] ;
; N/A   ; None              ; 10.250 ns       ; a[0] ; result[3] ;
; N/A   ; None              ; 10.206 ns       ; bin  ; result[2] ;
; N/A   ; None              ; 10.189 ns       ; b[0] ; result[2] ;
; N/A   ; None              ; 10.148 ns       ; bin  ; result[0] ;
; N/A   ; None              ; 10.136 ns       ; a[0] ; result[2] ;
; N/A   ; None              ; 10.131 ns       ; b[0] ; result[0] ;
; N/A   ; None              ; 10.101 ns       ; b[2] ; result[3] ;
; N/A   ; None              ; 10.077 ns       ; a[0] ; result[0] ;
; N/A   ; None              ; 9.995 ns        ; b[1] ; result[2] ;
; N/A   ; None              ; 9.923 ns        ; bin  ; result[3] ;
; N/A   ; None              ; 9.878 ns        ; a[2] ; result[3] ;
; N/A   ; None              ; 9.790 ns        ; b[2] ; result[2] ;
; N/A   ; None              ; 9.761 ns        ; b[0] ; result[3] ;
; N/A   ; None              ; 9.667 ns        ; a[0] ; result[1] ;
; N/A   ; None              ; 9.662 ns        ; a[1] ; result[3] ;
; N/A   ; None              ; 9.589 ns        ; b[0] ; result[1] ;
; N/A   ; None              ; 9.567 ns        ; a[2] ; result[2] ;
; N/A   ; None              ; 9.544 ns        ; bin  ; result[1] ;
; N/A   ; None              ; 9.283 ns        ; a[1] ; result[1] ;
; N/A   ; None              ; 9.212 ns        ; b[1] ; cout      ;
; N/A   ; None              ; 9.198 ns        ; a[1] ; result[2] ;
; N/A   ; None              ; 9.156 ns        ; b[3] ; result[3] ;
; N/A   ; None              ; 8.920 ns        ; a[3] ; result[3] ;
; N/A   ; None              ; 8.758 ns        ; a[0] ; cout      ;
; N/A   ; None              ; 8.609 ns        ; b[2] ; cout      ;
; N/A   ; None              ; 8.431 ns        ; bin  ; cout      ;
; N/A   ; None              ; 8.386 ns        ; a[2] ; cout      ;
; N/A   ; None              ; 8.269 ns        ; b[0] ; cout      ;
; N/A   ; None              ; 8.170 ns        ; a[1] ; cout      ;
; N/A   ; None              ; 7.663 ns        ; b[3] ; cout      ;
; N/A   ; None              ; 7.393 ns        ; a[3] ; cout      ;
+-------+-------------------+-----------------+------+-----------+


+--------------------------+
; Timing Analyzer Messages ;
+--------------------------+
Info: *******************************************************************
Info: Running Quartus II Classic Timing Analyzer
    Info: Version 9.0 Build 132 02/25/2009 SJ Web Edition
    Info: Processing started: Mon Jan 06 11:57:01 2025
Info: Command: quartus_tan --read_settings_files=off --write_settings_files=off projectdigital -c projectdigital --timing_analysis_only
Info: Longest tpd from source pin "b[1]" to destination pin "result[3]" is 10.704 ns
    Info: 1: + IC(0.000 ns) + CELL(0.809 ns) = 0.809 ns; Loc. = PIN_B12; Fanout = 3; PIN Node = 'b[1]'
    Info: 2: + IC(4.831 ns) + CELL(0.366 ns) = 6.006 ns; Loc. = LCCOMB_X22_Y4_N20; Fanout = 2; COMB Node = 'FA:comb_5|sum'
    Info: 3: + IC(0.259 ns) + CELL(0.366 ns) = 6.631 ns; Loc. = LCCOMB_X22_Y4_N24; Fanout = 1; COMB Node = 'FA:comb_7|cout~0'
    Info: 4: + IC(2.075 ns) + CELL(1.998 ns) = 10.704 ns; Loc. = PIN_C11; Fanout = 0; PIN Node = 'result[3]'
    Info: Total cell delay = 3.539 ns ( 33.06 % )
    Info: Total interconnect delay = 7.165 ns ( 66.94 % )
Info: Quartus II Classic Timing Analyzer was successful. 0 errors, 0 warnings
    Info: Peak virtual memory: 192 megabytes
    Info: Processing ended: Mon Jan 06 11:57:01 2025
    Info: Elapsed time: 00:00:00
    Info: Total CPU time (on all processors): 00:00:00


